#
# A fatal error has been detected by the Java Runtime Environment:
#
#  EXCEPTION_ACCESS_VIOLATION (0xc0000005) at pc=0x000000005b6c7b25, pid=3348, tid=5660
#
# JRE version: 6.0_17-b04
# Java VM: Java HotSpot(TM) 64-Bit Server VM (14.3-b01 mixed mode windows-amd64 )
# Problematic frame:
# C  0x000000005b6c7b25
#
# If you would like to submit a bug report, please visit:
#   http://java.sun.com/webapps/bugreport/crash.jsp
# The crash happened outside the Java Virtual Machine in native code.
# See problematic frame for where to report the bug.
#

---------------  T H R E A D  ---------------

Current thread (0x000000005313d000):  JavaThread "AWT-Windows" daemon [_thread_in_native, id=5660, stack(0x000000009c000000,0x00000000a0000000)]

siginfo: ExceptionCode=0xc0000005, reading address 0x0000000000000009

Registers:
EAX=0x0000000000000001, EBX=0x0000000000000001, ECX=0x000000002ec33f40, EDX=0x000000005b7394f0
ESP=0x000000009ffff150, EBP=0x000000000001a220, ESI=0x000000005dda41d0, EDI=0x000000005b630000
EIP=0x000000005b6c7b25, EFLAGS=0x0000000000010202

Top of Stack: (sp=0x000000009ffff150)
0x000000009ffff150:   000000005313d000 0000000000000000
0x000000009ffff160:   0000000000000001 000000005b630000
0x000000009ffff170:   000000005313d1b8 000000005b6ccf87
0x000000009ffff180:   fffffffffffffffe 000000005313d1b8
0x000000009ffff190:   000000005dda41d0 0000000000000111
0x000000009ffff1a0:   000000006e025080 000000007718791a
0x000000009ffff1b0:   0000000000000000 0000000000100402
0x000000009ffff1c0:   0000000000000000 0000000000100402
0x000000009ffff1d0:   0000000000000000 fffffffffffffffe
0x000000009ffff1e0:   000000005313d1b8 0000000000000000
0x000000009ffff1f0:   0000000000000000 0000000000000111
0x000000009ffff200:   0000000000000111 0000000000000111
0x000000009ffff210:   000000000001a220 0000000000000000
0x000000009ffff220:   000000005dda41d0 000000005b705b67
0x000000009ffff230:   0000000000000000 00000000771896df
0x000000009ffff240:   00000000ffffffeb 0000000000000000 

Instructions: (pc=0x000000005b6c7b25)
0x000000005b6c7b15:   e8 86 8d 03 00 48 85 c0 48 8b c8 74 06 48 8b 00
0x000000005b6c7b25:   ff 50 08 b8 02 00 00 00 48 83 c4 20 5b c3 49 8b 


Stack: [0x000000009c000000,0x00000000a0000000],  sp=0x000000009ffff150,  free space=65532k
Native frames: (J=compiled Java code, j=interpreted, Vv=VM code, C=native code)
C  0x000000005b6c7b25

Java frames: (J=compiled Java code, j=interpreted, Vv=VM code)
j  sun.awt.windows.WToolkit.eventLoop()V+0
j  sun.awt.windows.WToolkit.run()V+69
j  java.lang.Thread.run()V+11
v  ~StubRoutines::call_stub

---------------  P R O C E S S  ---------------

Java Threads: ( => current thread )
  0x00000000684f0800 JavaThread "Code Analyzer updating thread" [_thread_blocked, id=4696, stack(0x0000000112300000,0x0000000116300000)]
  0x00000000684ec800 JavaThread "Code Analyzer updating thread" [_thread_blocked, id=4044, stack(0x000000011a300000,0x000000011e300000)]
  0x00000000684ee000 JavaThread "Swing-Shell" daemon [_thread_blocked, id=1904, stack(0x0000000116300000,0x000000011a300000)]
  0x00000000684e9000 JavaThread "Code Analyzer updating thread" [_thread_blocked, id=3316, stack(0x0000000104000000,0x0000000108000000)]
  0x00000000684ea000 JavaThread "Code Analyzer updating thread" [_thread_blocked, id=1568, stack(0x00000000d0000000,0x00000000d4000000)]
  0x0000000053145000 JavaThread "RecordlistTable Timer" daemon [_thread_blocked, id=1728, stack(0x00000000fc000000,0x0000000100000000)]
  0x0000000053144800 JavaThread "Foxtrot Single Worker Thread #1" daemon [_thread_blocked, id=1444, stack(0x00000000e8000000,0x00000000ec000000)]
  0x0000000053143800 JavaThread "Code Analyzer updating thread" [_thread_blocked, id=4244, stack(0x00000000cc000000,0x00000000d0000000)]
  0x0000000068e9c000 JavaThread "Code Analyzer updating thread" [_thread_blocked, id=3436, stack(0x00000000c4000000,0x00000000c8000000)]
  0x0000000068e96800 JavaThread "Prefs Updater" daemon [_thread_blocked, id=3024, stack(0x0000000098000000,0x000000009c000000)]
  0x0000000068e9b800 JavaThread "Timer-2" daemon [_thread_blocked, id=1516, stack(0x0000000108000000,0x000000010c000000)]
  0x0000000068e95000 JavaThread "com.jniwrapper.NativeResourceCollector" daemon [_thread_blocked, id=2064, stack(0x0000000100000000,0x0000000104000000)]
  0x0000000068e99000 JavaThread "Code Analyzer updating thread" [_thread_blocked, id=3412, stack(0x00000000f8000000,0x00000000fc000000)]
  0x0000000068e98800 JavaThread "Active Reference Queue Daemon" daemon [_thread_blocked, id=5740, stack(0x00000000f4000000,0x00000000f8000000)]
  0x0000000068e98000 JavaThread "Timer-1" daemon [_thread_blocked, id=6112, stack(0x00000000f0000000,0x00000000f4000000)]
  0x0000000068e97000 JavaThread "ClipboardMonitor Timer" daemon [_thread_blocked, id=6072, stack(0x00000000ec000000,0x00000000f0000000)]
  0x0000000068e95800 JavaThread "Explorer NavigationContext request queue" daemon [_thread_blocked, id=6060, stack(0x00000000e4000000,0x00000000e8000000)]
  0x0000000053147000 JavaThread "AddressBar directory emptiness poller" daemon [_thread_blocked, id=4876, stack(0x00000000dc000000,0x00000000e0000000)]
  0x0000000053146800 JavaThread "Explorer Refresh Service 1743958237" daemon [_thread_blocked, id=6128, stack(0x00000000d8000000,0x00000000dc000000)]
  0x0000000053145800 JavaThread "Thread-4" daemon [_thread_blocked, id=252, stack(0x00000000d4000000,0x00000000d8000000)]
  0x0000000053143000 JavaThread "TimerQueue" daemon [_thread_blocked, id=168, stack(0x00000000c8000000,0x00000000cc000000)]
  0x0000000053142000 JavaThread "Thread-3" daemon [_thread_blocked, id=4684, stack(0x00000000c0000000,0x00000000c4000000)]
  0x0000000053141800 JavaThread "AWT-EventQueue-0" [_thread_in_native, id=4272, stack(0x00000000bc000000,0x00000000c0000000)]
  0x000000005313f000 JavaThread "AWT-Shutdown" [_thread_blocked, id=2348, stack(0x00000000ac000000,0x00000000b0000000)]
  0x0000000053140800 JavaThread "FelixPackageAdmin" daemon [_thread_blocked, id=2352, stack(0x00000000b8000000,0x00000000bc000000)]
  0x0000000053140000 JavaThread "FelixStartLevel" daemon [_thread_blocked, id=4952, stack(0x00000000b4000000,0x00000000b8000000)]
  0x000000005313c800 JavaThread "FelixDispatchQueue" daemon [_thread_blocked, id=2364, stack(0x00000000b0000000,0x00000000b4000000)]
  0x000000005313e800 JavaThread "com.google.common.base.internal.Finalizer" daemon [_thread_blocked, id=6080, stack(0x00000000a4000000,0x00000000a8000000)]
=>0x000000005313d000 JavaThread "AWT-Windows" daemon [_thread_in_native, id=5660, stack(0x000000009c000000,0x00000000a0000000)]
  0x000000005313b800 JavaThread "Java2D Disposer" daemon [_thread_blocked, id=4076, stack(0x0000000094000000,0x0000000098000000)]
  0x000000005313b000 JavaThread "Timer-0" [_thread_blocked, id=4676, stack(0x0000000090000000,0x0000000094000000)]
  0x000000005313a000 JavaThread "EventMgr Dispatcher" daemon [_thread_in_native, id=5964, stack(0x000000008c000000,0x0000000090000000)]
  0x0000000053138800 JavaThread "Low Memory Detector" daemon [_thread_blocked, id=3920, stack(0x0000000084000000,0x0000000088000000)]
  0x0000000053151800 JavaThread "CompilerThread1" daemon [_thread_blocked, id=676, stack(0x0000000080000000,0x0000000084000000)]
  0x00000000530f3800 JavaThread "CompilerThread0" daemon [_thread_blocked, id=2952, stack(0x0000000069c40000,0x000000006dc40000)]
  0x0000000053138000 JavaThread "Attach Listener" daemon [_thread_blocked, id=492, stack(0x0000000062fb0000,0x0000000066fb0000)]
  0x00000000530db000 JavaThread "Finalizer" daemon [_thread_blocked, id=2712, stack(0x000000005efb0000,0x0000000062fb0000)]
  0x00000000530d4800 JavaThread "Reference Handler" daemon [_thread_blocked, id=3376, stack(0x0000000057230000,0x000000005b230000)]
  0x000000000644e800 JavaThread "main" [_thread_in_native, id=3796, stack(0x0000000000030000,0x0000000004030000)]

Other Threads:
  0x00000000530d1000 VMThread [stack: 0x0000000053230000,0x0000000057230000] [id=4336]
  0x0000000053184000 WatcherThread [stack: 0x0000000088000000,0x000000008c000000] [id=1184]

VM state:not at safepoint (normal execution)

VM Mutex/Monitor currently owned by a thread: None

Heap
 PSYoungGen      total 22208K, used 7827K [0x000000003ff30000, 0x0000000041dc0000, 0x0000000043030000)
  eden space 18752K, 23% used [0x000000003ff30000,0x0000000040378c78,0x0000000041180000)
  from space 3456K, 99% used [0x00000000411e0000,0x000000004153bf98,0x0000000041540000)
  to   space 6272K, 0% used [0x00000000417a0000,0x00000000417a0000,0x0000000041dc0000)
 PSOldGen        total 94208K, used 86403K [0x0000000036c30000, 0x000000003c830000, 0x000000003ff30000)
  object space 94208K, 91% used [0x0000000036c30000,0x000000003c090c10,0x000000003c830000)
 PSPermGen       total 126720K, used 79866K [0x000000002ec30000, 0x00000000367f0000, 0x0000000036c30000)
  object space 126720K, 63% used [0x000000002ec30000,0x0000000033a2e8f0,0x00000000367f0000)

Dynamic libraries:
0x0000000140000000 - 0x0000000140028000 	C:\Program Files\MATLAB\R2013a\bin\win64\MATLAB.exe
0x0000000077270000 - 0x0000000077419000 	C:\Windows\SYSTEM32\ntdll.dll
0x0000000077050000 - 0x000000007716f000 	C:\Windows\system32\kernel32.dll
0x000007fefd330000 - 0x000007fefd39b000 	C:\Windows\system32\KERNELBASE.dll
0x0000000074460000 - 0x0000000074515000 	C:\Program Files\MATLAB\R2013a\bin\win64\libut.dll
0x00000000758a0000 - 0x000000007595f000 	C:\Program Files\MATLAB\R2013a\bin\win64\libmwi18n.dll
0x0000000180000000 - 0x000000018000d000 	C:\Program Files\MATLAB\R2013a\bin\win64\libmwresource_core.dll
0x00000000693e0000 - 0x0000000069478000 	C:\Program Files\MATLAB\R2013a\bin\win64\MSVCP100.dll
0x0000000069300000 - 0x00000000693d2000 	C:\Program Files\MATLAB\R2013a\bin\win64\MSVCR100.dll
0x000000006e070000 - 0x000000006e07e000 	C:\Program Files\MATLAB\R2013a\bin\win64\boost_date_time-vc100-mt-1_49.dll
0x00000000699f0000 - 0x0000000069a1c000 	C:\Program Files\MATLAB\R2013a\bin\win64\boost_filesystem-vc100-mt-1_49.dll
0x000000006e700000 - 0x000000006e709000 	C:\Program Files\MATLAB\R2013a\bin\win64\boost_system-vc100-mt-1_49.dll
0x000007fefd7b0000 - 0x000007fefd88b000 	C:\Windows\system32\ADVAPI32.dll
0x000007feff120000 - 0x000007feff1bf000 	C:\Windows\system32\msvcrt.dll
0x000007feff100000 - 0x000007feff11f000 	C:\Windows\SYSTEM32\sechost.dll
0x000007fefe9b0000 - 0x000007fefeadd000 	C:\Windows\system32\RPCRT4.dll
0x0000000069a20000 - 0x0000000069a45000 	C:\Program Files\MATLAB\R2013a\bin\win64\LIBEXPAT.dll
0x0000000069170000 - 0x00000000692fa000 	C:\Program Files\MATLAB\R2013a\bin\win64\icuin49.dll
0x0000000069030000 - 0x000000006916e000 	C:\Program Files\MATLAB\R2013a\bin\win64\icuuc49.dll
0x000000005bbf0000 - 0x000000005cd12000 	C:\Program Files\MATLAB\R2013a\bin\win64\icudt49.dll
0x0000000069b80000 - 0x0000000069b90000 	C:\Program Files\MATLAB\R2013a\bin\win64\icuio49.dll
0x0000000073f70000 - 0x0000000074112000 	C:\Program Files\MATLAB\R2013a\bin\win64\libmwfl.dll
0x000000007a350000 - 0x000000007a737000 	C:\Program Files\MATLAB\R2013a\bin\win64\libmwMATLAB_res.dll
0x0000000068f50000 - 0x000000006902f000 	C:\Program Files\MATLAB\R2013a\bin\win64\boost_regex-vc100-mt-1_49.dll
0x0000000077170000 - 0x000000007726a000 	C:\Windows\system32\USER32.dll
0x000007fefeeb0000 - 0x000007fefef17000 	C:\Windows\system32\GDI32.dll
0x000007fefeea0000 - 0x000007fefeeae000 	C:\Windows\system32\LPK.dll
0x000007feff440000 - 0x000007feff509000 	C:\Windows\system32\USP10.dll
0x0000000069500000 - 0x0000000069511000 	C:\Program Files\MATLAB\R2013a\bin\win64\boost_signals-vc100-mt-1_49.dll
0x00000000694e0000 - 0x00000000694f1000 	C:\Program Files\MATLAB\R2013a\bin\win64\boost_thread-vc100-mt-1_49.dll
0x000007fef6fd0000 - 0x000007fef705c000 	C:\Program Files\MATLAB\R2013a\bin\win64\boost_log-vc100-mt-1_49.dll
0x0000000077440000 - 0x0000000077447000 	C:\Windows\system32\PSAPI.DLL
0x000007fefd490000 - 0x000007fefd4dd000 	C:\Windows\system32\WS2_32.dll
0x000007feff570000 - 0x000007feff578000 	C:\Windows\system32\NSI.dll
0x000007fef70b0000 - 0x000007fef70e3000 	C:\Program Files\MATLAB\R2013a\bin\win64\tbb.dll
0x000007fefd890000 - 0x000007fefd8a9000 	C:\Windows\system32\imagehlp.dll
0x000007fefc0f0000 - 0x000007fefc11c000 	C:\Windows\system32\POWRPROF.dll
0x000007fefef20000 - 0x000007feff0f7000 	C:\Windows\system32\SETUPAPI.dll
0x000007fefd410000 - 0x000007fefd446000 	C:\Windows\system32\CFGMGR32.dll
0x000007fefe6c0000 - 0x000007fefe797000 	C:\Windows\system32\OLEAUT32.dll
0x000007fefe7a0000 - 0x000007fefe9a3000 	C:\Windows\system32\ole32.dll
0x000007fefd300000 - 0x000007fefd31a000 	C:\Windows\system32\DEVOBJ.dll
0x0000000004100000 - 0x0000000004121000 	C:\Program Files\MATLAB\R2013a\bin\win64\libmwmfl_scalar.dll
0x000007fef8120000 - 0x000007fef8245000 	C:\Windows\system32\dbghelp.dll
0x00000000042f0000 - 0x000000000461f000 	C:\Program Files\MATLAB\R2013a\bin\win64\libmwservices.dll
0x0000000075a20000 - 0x0000000075b0b000 	C:\Program Files\MATLAB\R2013a\bin\win64\libmx.dll
0x000007fef7080000 - 0x000007fef70a8000 	C:\Program Files\MATLAB\R2013a\bin\win64\tbbmalloc.dll
0x00000000694c0000 - 0x00000000694d7000 	C:\Program Files\MATLAB\R2013a\bin\win64\zlib1.dll
0x0000000004130000 - 0x000000000417e000 	C:\Program Files\MATLAB\R2013a\bin\win64\libmwregexp.dll
0x0000000075f10000 - 0x0000000075f57000 	C:\Program Files\MATLAB\R2013a\bin\win64\mpath.dll
0x000000007b680000 - 0x000000007bc66000 	C:\Program Files\MATLAB\R2013a\bin\win64\mlutil.dll
0x00000000754d0000 - 0x0000000075547000 	C:\Program Files\MATLAB\R2013a\bin\win64\xmlcore.dll
0x000000005ed60000 - 0x000000005efa1000 	C:\Program Files\MATLAB\R2013a\bin\win64\xerces-c_2_7.dll
0x0000000004190000 - 0x00000000041b2000 	C:\Program Files\MATLAB\R2013a\bin\win64\libmwMATLAB_settings_res.dll
0x000007fef9120000 - 0x000007fef9130000 	C:\Program Files\MATLAB\R2013a\bin\win64\boost_iostreams-vc100-mt-1_49.dll
0x000007fef6f80000 - 0x000007fef6fc6000 	C:\Program Files\MATLAB\R2013a\bin\win64\boost_serialization-vc100-mt-1_49.dll
0x000007fefd930000 - 0x000007fefe6b8000 	C:\Windows\system32\SHELL32.dll
0x000007feff320000 - 0x000007feff391000 	C:\Windows\system32\SHLWAPI.dll
0x00000000041c0000 - 0x00000000041c6000 	C:\Program Files\MATLAB\R2013a\bin\win64\libmwnativedisplay.dll
0x000007fef6ee0000 - 0x000007fef6f80000 	C:\Windows\WinSxS\amd64_microsoft.windows.common-controls_6595b64144ccf1df_5.82.7601.18201_none_a4d3b9377117c3df\COMCTL32.dll
0x000007fefd4e0000 - 0x000007fefd577000 	C:\Windows\system32\COMDLG32.dll
0x000007fefa940000 - 0x000007fefa956000 	C:\Windows\system32\NETAPI32.dll
0x000007fefa930000 - 0x000007fefa93c000 	C:\Windows\system32\netutils.dll
0x000007fefcc20000 - 0x000007fefcc43000 	C:\Windows\system32\srvcli.dll
0x000007fefa910000 - 0x000007fefa925000 	C:\Windows\system32\wkscli.dll
0x0000000074970000 - 0x0000000074a18000 	C:\Program Files\MATLAB\R2013a\bin\win64\mcr.dll
0x0000000075000000 - 0x00000000753b1000 	C:\Program Files\MATLAB\R2013a\bin\win64\iqm.dll
0x0000000074e80000 - 0x0000000074f30000 	C:\Program Files\MATLAB\R2013a\bin\win64\m_dispatcher.dll
0x0000000004620000 - 0x0000000004e28000 	C:\Program Files\MATLAB\R2013a\bin\win64\m_interpreter.dll
0x0000000004e30000 - 0x0000000004e54000 	C:\Program Files\MATLAB\R2013a\bin\win64\libmex.dll
0x0000000075430000 - 0x00000000754ab000 	C:\Program Files\MATLAB\R2013a\bin\win64\profiler.dll
0x0000000004e60000 - 0x00000000050e3000 	C:\Program Files\MATLAB\R2013a\bin\win64\libmwmathutil.dll
0x0000000079f40000 - 0x0000000079f66000 	C:\Program Files\MATLAB\R2013a\bin\win64\libmwmathrng.dll
0x00000000041d0000 - 0x00000000041e0000 	C:\Program Files\MATLAB\R2013a\bin\win64\libmwmfl_rng.dll
0x0000000074c10000 - 0x0000000074cf8000 	C:\Program Files\MATLAB\R2013a\bin\win64\libmwmathcore.dll
0x0000000076160000 - 0x00000000761c3000 	C:\Program Files\MATLAB\R2013a\bin\win64\libmwspmatrix.dll
0x000000007b0a0000 - 0x000000007b2f6000 	C:\Program Files\MATLAB\R2013a\bin\win64\mcos.dll
0x0000000075ea0000 - 0x0000000075f02000 	C:\Program Files\MATLAB\R2013a\bin\win64\libmwcholmod.dll
0x00000000050f0000 - 0x00000000050fd000 	C:\Program Files\MATLAB\R2013a\bin\win64\libmwamd.dll
0x0000000071e10000 - 0x0000000071eb3000 	C:\Windows\WinSxS\amd64_microsoft.vc90.crt_1fc8b3b9a1e18e3b_9.0.30729.6161_none_08e61857a83bc251\MSVCR90.dll
0x0000000005110000 - 0x000000000511c000 	C:\Program Files\MATLAB\R2013a\bin\win64\libmwcolamd.dll
0x000000007a290000 - 0x000000007a2a3000 	C:\Program Files\MATLAB\R2013a\bin\win64\libmwblas.dll
0x000000007a310000 - 0x000000007a325000 	C:\Program Files\MATLAB\R2013a\bin\win64\libmwbinder.dll
0x0000000005130000 - 0x000000000513b000 	C:\Program Files\MATLAB\R2013a\bin\win64\libmwompwrapper.dll
0x0000000075820000 - 0x000000007589e000 	C:\Program Files\MATLAB\R2013a\bin\win64\libmwlapack.dll
0x000000007a1b0000 - 0x000000007a1d0000 	C:\Program Files\MATLAB\R2013a\bin\win64\m_pcodeio.dll
0x0000000079b10000 - 0x0000000079b6c000 	C:\Program Files\MATLAB\R2013a\bin\win64\m_ir.dll
0x0000000078ed0000 - 0x0000000079579000 	C:\Program Files\MATLAB\R2013a\bin\win64\m_parser.dll
0x000000007a2f0000 - 0x000000007a307000 	C:\Program Files\MATLAB\R2013a\bin\win64\ir_xfmr.dll
0x0000000005140000 - 0x0000000005150000 	C:\Program Files\MATLAB\R2013a\bin\win64\mtok.dll
0x000000007a130000 - 0x000000007a158000 	C:\Program Files\MATLAB\R2013a\bin\win64\m_pcodegen.dll
0x0000000079fb0000 - 0x0000000079fdf000 	C:\Program Files\MATLAB\R2013a\bin\win64\libmwbridge.dll
0x0000000074f40000 - 0x0000000074ff6000 	C:\Program Files\MATLAB\R2013a\bin\win64\udd.dll
0x0000000073cc0000 - 0x0000000073e0e000 	C:\Program Files\MATLAB\R2013a\bin\win64\libmwgui.dll
0x000000007a1d0000 - 0x000000007a1f4000 	C:\Program Files\MATLAB\R2013a\bin\win64\graphics_util.dll
0x000007fef3cd0000 - 0x000007fef3d88000 	C:\Program Files\MATLAB\R2013a\bin\win64\libtex_base.dll
0x0000000005150000 - 0x0000000005a93000 	C:\Program Files\MATLAB\R2013a\bin\win64\hg.dll
0x0000000076100000 - 0x000000007615a000 	C:\Program Files\MATLAB\R2013a\bin\win64\libmat.dll
0x0000000072d30000 - 0x0000000072f38000 	C:\Program Files\MATLAB\R2013a\bin\win64\hdf5dll.dll
0x0000000075710000 - 0x00000000757d8000 	C:\Program Files\MATLAB\R2013a\bin\win64\jmi.dll
0x0000000005ab0000 - 0x0000000005abe000 	C:\Program Files\MATLAB\R2013a\bin\win64\nativejava_services.dll
0x0000000005ac0000 - 0x0000000005b00000 	C:\Program Files\MATLAB\R2013a\bin\win64\libmwhardcopy.dll
0x0000000075c70000 - 0x0000000075cce000 	C:\Program Files\MATLAB\R2013a\bin\win64\libuij.dll
0x0000000072f50000 - 0x000000007318f000 	C:\Program Files\MATLAB\R2013a\bin\win64\hgdatatypes.dll
0x0000000005b00000 - 0x0000000005beb000 	C:\Program Files\MATLAB\R2013a\bin\win64\hgutils.dll
0x0000000005bf0000 - 0x0000000005c9e000 	C:\Program Files\MATLAB\R2013a\bin\win64\udd_mi.dll
0x0000000005ca0000 - 0x0000000005cd6000 	C:\Program Files\MATLAB\R2013a\bin\win64\libmwgbtutils.dll
0x0000000005ce0000 - 0x0000000005cf4000 	C:\Program Files\MATLAB\R2013a\bin\win64\libmwgbt.dll
0x0000000005d00000 - 0x0000000005fce000 	C:\Program Files\MATLAB\R2013a\bin\win64\uiw.dll
0x0000000005fd0000 - 0x0000000005fd9000 	C:\Program Files\MATLAB\R2013a\bin\win64\uinone.dll
0x0000000005fe0000 - 0x0000000006006000 	C:\Program Files\MATLAB\R2013a\bin\win64\libmwnativefiledialogs.dll
0x0000000006010000 - 0x000000000601c000 	C:\Program Files\MATLAB\R2013a\bin\win64\libmwplatform_res.dll
0x000007fef90e0000 - 0x000007fef90f8000 	C:\Windows\system32\MPR.dll
0x000000005e800000 - 0x000000005ed5d000 	C:\Program Files\MATLAB\R2013a\bin\win64\mfc100.dll
0x000007fef7ce0000 - 0x000007fef7ce7000 	C:\Windows\system32\MSIMG32.dll
0x000007fef8cd0000 - 0x000007fef8d41000 	C:\Windows\system32\WINSPOOL.DRV
0x0000000006020000 - 0x000000000603d000 	C:\Program Files\MATLAB\R2013a\bin\win64\mwoles05.DLL
0x0000000006040000 - 0x00000000060ac000 	C:\Program Files\MATLAB\R2013a\bin\win64\comcli.dll
0x0000000069490000 - 0x00000000694bb000 	C:\Program Files\MATLAB\R2013a\bin\win64\ATL100.DLL
0x00000000060b0000 - 0x00000000060bc000 	C:\Program Files\MATLAB\R2013a\bin\win64\mlautoregister.dll
0x00000000060c0000 - 0x0000000006216000 	C:\Program Files\MATLAB\R2013a\bin\win64\mvm.dll
0x000007fefd460000 - 0x000007fefd48e000 	C:\Windows\system32\IMM32.DLL
0x000007fefeae0000 - 0x000007fefebe9000 	C:\Windows\system32\MSCTF.dll
0x000007fefba20000 - 0x000007fefba76000 	C:\Windows\system32\UxTheme.dll
0x000007fefb5f0000 - 0x000007fefb608000 	C:\Windows\system32\dwmapi.dll
0x0000000069c30000 - 0x0000000069c3d000 	C:\Program Files\MATLAB\R2013a\bin\win64\MFC100ENU.DLL
0x0000000007c70000 - 0x0000000007cbe000 	C:\Program Files\MATLAB\R2013a\bin\win64\MVMLocal.dll
0x000007fefd030000 - 0x000007fefd03f000 	C:\Windows\system32\profapi.dll

VM Arguments:
jvm_args: -XX:PermSize=32m -Xms64m -XX:NewRatio=3 -XX:MaxPermSize=128m -Xmx196m -XX:MaxDirectMemorySize=2147400000 -Dsun.java2d.noddraw=true -Dsun.awt.nopixfmt=true -Xshare:off -Xrs -Dsun.awt.disableMixing=true -Djava.library.path=C:\Program Files\MATLAB\R2013a\bin\win64;C:\Program Files\MATLAB\R2013a\sys\jxbrowser\win64\lib vfprintf abort 
java_command: <unknown>
Launcher Type: generic

Environment Variables:
PATH=C:\Program Files\Common Files\Microsoft Shared\Windows Live;C:\Program Files (x86)\Common Files\Microsoft Shared\Windows Live;C:\Windows\system32;C:\Windows;C:\Windows\System32\Wbem;C:\Windows\System32\WindowsPowerShell\v1.0\;c:\Program Files (x86)\ATI Technologies\ATI.ACE\Core-Static;c:\Program Files (x86)\Common Files\Roxio Shared\10.0\DLLShared\;c:\Program Files (x86)\Common Files\Roxio Shared\DLLShared\;C:\Program Files (x86)\Windows Live\Shared;C:\Program Files\MATLAB\R2013a\runtime\win64;C:\Program Files\MATLAB\R2013a\bin
USERNAME=BME
OS=Windows_NT
PROCESSOR_IDENTIFIER=Intel64 Family 6 Model 30 Stepping 5, GenuineIntel



---------------  S Y S T E M  ---------------

OS: Windows 7 Build 7601 Service Pack 1

CPU:total 4 (8 cores per cpu, 2 threads per core) family 6 model 30 stepping 5, cmov, cx8, fxsr, mmx, sse, sse2, sse3, ssse3, sse4.1, sse4.2, ht

Memory: 4k page, physical 8346704k(5231764k free), swap 16691544k(13222520k free)

vm_info: Java HotSpot(TM) 64-Bit Server VM (14.3-b01) for windows-amd64 JRE (1.6.0_17-b04), built on Oct 11 2009 00:46:08 by "java_re" with MS VC++ 8.0

time: Thu Apr 24 10:49:17 2014
elapsed time: 85881 seconds

