#
# A fatal error has been detected by the Java Runtime Environment:
#
#  EXCEPTION_ACCESS_VIOLATION (0xc0000005) at pc=0x000000005b6a7b22, pid=5444, tid=5736
#
# JRE version: 6.0_17-b04
# Java VM: Java HotSpot(TM) 64-Bit Server VM (14.3-b01 mixed mode windows-amd64 )
# Problematic frame:
# C  0x000000005b6a7b22
#
# If you would like to submit a bug report, please visit:
#   http://java.sun.com/webapps/bugreport/crash.jsp
# The crash happened outside the Java Virtual Machine in native code.
# See problematic frame for where to report the bug.
#

---------------  T H R E A D  ---------------

Current thread (0x000000006abc8000):  JavaThread "AWT-Windows" daemon [_thread_in_native, id=5736, stack(0x0000000098000000,0x000000009c000000)]

siginfo: ExceptionCode=0xc0000005, reading address 0xffffffffffffffff

Registers:
EAX=0x6a4c3b746e696f50, EBX=0x0000000000000001, ECX=0x6a4c3b746e696f50, EDX=0x000000005b7194f0
ESP=0x000000009bfff150, EBP=0x000000000001a220, ESI=0x000000007782fcd0, EDI=0x000000005b610000
EIP=0x000000005b6a7b22, EFLAGS=0x0000000000010206

Top of Stack: (sp=0x000000009bfff150)
0x000000009bfff150:   000000006abc8000 0000000000000000
0x000000009bfff160:   0000000000000001 000000005b610000
0x000000009bfff170:   000000006abc81b8 000000005b6acf87
0x000000009bfff180:   fffffffffffffffe 000000006abc81b8
0x000000009bfff190:   000000007782fcd0 0000000000000111
0x000000009bfff1a0:   000000006bf70cd0 0000000076cd791a
0x000000009bfff1b0:   0000000000000000 0000000000030a30
0x000000009bfff1c0:   0000000000000000 0000000000030a30
0x000000009bfff1d0:   0000000000000000 fffffffffffffffe
0x000000009bfff1e0:   000000006abc81b8 0000000000000000
0x000000009bfff1f0:   0000000000000000 0000000000000111
0x000000009bfff200:   0000000000000111 0000000000000111
0x000000009bfff210:   000000000001a220 0000000000000000
0x000000009bfff220:   000000007782fcd0 000000005b6e5b67
0x000000009bfff230:   0000000000000000 0000000076cd96df
0x000000009bfff240:   00000000ffffffeb 0000000000000000 

Instructions: (pc=0x000000005b6a7b22)
0x000000005b6a7b12:   7e 0d 00 e8 86 8d 03 00 48 85 c0 48 8b c8 74 06
0x000000005b6a7b22:   48 8b 00 ff 50 08 b8 02 00 00 00 48 83 c4 20 5b 


Stack: [0x0000000098000000,0x000000009c000000],  sp=0x000000009bfff150,  free space=65532k
Native frames: (J=compiled Java code, j=interpreted, Vv=VM code, C=native code)
C  0x000000005b6a7b22

Java frames: (J=compiled Java code, j=interpreted, Vv=VM code)
j  sun.awt.windows.WToolkit.eventLoop()V+0
j  sun.awt.windows.WToolkit.run()V+69
j  java.lang.Thread.run()V+11
v  ~StubRoutines::call_stub

---------------  P R O C E S S  ---------------

Java Threads: ( => current thread )
  0x000000006ac13800 JavaThread "Code Analyzer updating thread" [_thread_blocked, id=4092, stack(0x0000000133d00000,0x0000000137d00000)]
  0x000000006ac39000 JavaThread "Swing-Shell" daemon [_thread_blocked, id=2040, stack(0x0000000140030000,0x0000000144030000)]
  0x000000006ac31000 JavaThread "Foxtrot Single Worker Thread #1" daemon [_thread_blocked, id=5224, stack(0x0000000137d00000,0x000000013bd00000)]
  0x000000006ac38800 JavaThread "pool-1-thread-1" [_thread_blocked, id=1660, stack(0x000000012bd00000,0x000000012fd00000)]
  0x000000006ac37800 JavaThread "Code Analyzer updating thread" [_thread_blocked, id=5676, stack(0x0000000127d00000,0x000000012bd00000)]
  0x000000006ac34800 JavaThread "RecordlistTable Timer" daemon [_thread_blocked, id=5280, stack(0x00000000f9fa0000,0x00000000fdfa0000)]
  0x000000006ac2d000 JavaThread "Code Analyzer updating thread" [_thread_blocked, id=3820, stack(0x00000000fdfa0000,0x0000000101fa0000)]
  0x000000006ac2c000 JavaThread "Prefs Updater" daemon [_thread_blocked, id=1828, stack(0x00000000ccfd0000,0x00000000d0fd0000)]
  0x000000006ac0e800 JavaThread "Timer-2" daemon [_thread_blocked, id=5796, stack(0x000000010ef70000,0x0000000112f70000)]
  0x000000006ac2f800 JavaThread "com.jniwrapper.NativeResourceCollector" daemon [_thread_blocked, id=2180, stack(0x0000000101fa0000,0x0000000105fa0000)]
  0x000000006ac33800 JavaThread "Active Reference Queue Daemon" daemon [_thread_blocked, id=2700, stack(0x00000000f5fa0000,0x00000000f9fa0000)]
  0x000000006ac32000 JavaThread "Timer-1" daemon [_thread_blocked, id=3012, stack(0x00000000f1fa0000,0x00000000f5fa0000)]
  0x000000006ac32800 JavaThread "ClipboardMonitor Timer" daemon [_thread_blocked, id=3124, stack(0x00000000edfa0000,0x00000000f1fa0000)]
  0x000000006ac30800 JavaThread "Explorer NavigationContext request queue" daemon [_thread_blocked, id=3024, stack(0x00000000e5fa0000,0x00000000e9fa0000)]
  0x000000006ac2f000 JavaThread "AddressBar directory emptiness poller" daemon [_thread_blocked, id=5552, stack(0x00000000ddfa0000,0x00000000e1fa0000)]
  0x000000006ac2e000 JavaThread "Explorer Refresh Service 1007247221" daemon [_thread_blocked, id=1908, stack(0x00000000d9fa0000,0x00000000ddfa0000)]
  0x000000006ac2d800 JavaThread "Thread-4" daemon [_thread_blocked, id=2012, stack(0x00000000d4fd0000,0x00000000d8fd0000)]
  0x000000006ac2a800 JavaThread "TimerQueue" daemon [_thread_blocked, id=2404, stack(0x00000000c8000000,0x00000000cc000000)]
  0x000000006ac2a000 JavaThread "Thread-3" daemon [_thread_blocked, id=5452, stack(0x00000000c0000000,0x00000000c4000000)]
  0x000000006ad3a800 JavaThread "AWT-EventQueue-0" [_thread_in_native, id=5408, stack(0x00000000bc000000,0x00000000c0000000)]
  0x000000006b246000 JavaThread "AWT-Shutdown" [_thread_blocked, id=5360, stack(0x00000000b8000000,0x00000000bc000000)]
  0x000000006ae51800 JavaThread "FelixPackageAdmin" daemon [_thread_blocked, id=5892, stack(0x00000000ac000000,0x00000000b0000000)]
  0x000000006abc7000 JavaThread "FelixStartLevel" daemon [_thread_blocked, id=5888, stack(0x00000000a8000000,0x00000000ac000000)]
  0x000000006adc0000 JavaThread "FelixDispatchQueue" daemon [_thread_blocked, id=5884, stack(0x00000000a4000000,0x00000000a8000000)]
  0x000000006abf4800 JavaThread "com.google.common.base.internal.Finalizer" daemon [_thread_blocked, id=5744, stack(0x00000000a0000000,0x00000000a4000000)]
=>0x000000006abc8000 JavaThread "AWT-Windows" daemon [_thread_in_native, id=5736, stack(0x0000000098000000,0x000000009c000000)]
  0x000000005316a800 JavaThread "Java2D Disposer" daemon [_thread_blocked, id=5728, stack(0x0000000090000000,0x0000000094000000)]
  0x000000006a7fe800 JavaThread "Timer-0" [_thread_blocked, id=5712, stack(0x000000008c000000,0x0000000090000000)]
  0x000000006a754800 JavaThread "EventMgr Dispatcher" daemon [_thread_in_native, id=5696, stack(0x0000000088000000,0x000000008c000000)]
  0x000000005312b800 JavaThread "Low Memory Detector" daemon [_thread_blocked, id=5660, stack(0x0000000080000000,0x0000000084000000)]
  0x0000000053122000 JavaThread "CompilerThread1" daemon [_thread_blocked, id=5656, stack(0x000000006c200000,0x0000000070200000)]
  0x0000000053118000 JavaThread "CompilerThread0" daemon [_thread_blocked, id=5652, stack(0x0000000065cd0000,0x0000000069cd0000)]
  0x00000000530d2000 JavaThread "Attach Listener" daemon [_thread_blocked, id=5648, stack(0x0000000061cd0000,0x0000000065cd0000)]
  0x00000000530b5800 JavaThread "Finalizer" daemon [_thread_blocked, id=5636, stack(0x000000005dcd0000,0x0000000061cd0000)]
  0x00000000530b4800 JavaThread "Reference Handler" daemon [_thread_blocked, id=5632, stack(0x0000000057210000,0x000000005b210000)]
  0x00000000064fe800 JavaThread "main" [_thread_in_native, id=5448, stack(0x0000000000030000,0x0000000004030000)]

Other Threads:
  0x00000000530b1000 VMThread [stack: 0x0000000053210000,0x0000000057210000] [id=5628]
  0x000000005312d000 WatcherThread [stack: 0x0000000084000000,0x0000000088000000] [id=5664]

VM state:not at safepoint (normal execution)

VM Mutex/Monitor currently owned by a thread: None

Heap
 PSYoungGen      total 41600K, used 23447K [0x000000003fe60000, 0x00000000427c0000, 0x0000000042f60000)
  eden space 40832K, 57% used [0x000000003fe60000,0x000000004151de60,0x0000000042640000)
  from space 768K, 20% used [0x0000000042700000,0x0000000042728000,0x00000000427c0000)
  to   space 768K, 0% used [0x0000000042640000,0x0000000042640000,0x0000000042700000)
 PSOldGen        total 138560K, used 88830K [0x0000000036b60000, 0x000000003f2b0000, 0x000000003fe60000)
  object space 138560K, 64% used [0x0000000036b60000,0x000000003c21f838,0x000000003f2b0000)
 PSPermGen       total 131072K, used 92048K [0x000000002eb60000, 0x0000000036b60000, 0x0000000036b60000)
  object space 131072K, 70% used [0x000000002eb60000,0x0000000034544348,0x0000000036b60000)

Dynamic libraries:
0x0000000140000000 - 0x0000000140028000 	C:\Program Files\MATLAB\R2013a\bin\win64\MATLAB.exe
0x0000000076dc0000 - 0x0000000076f69000 	C:\Windows\SYSTEM32\ntdll.dll
0x0000000076ba0000 - 0x0000000076cbf000 	C:\Windows\system32\kernel32.dll
0x000007fefcd20000 - 0x000007fefcd8b000 	C:\Windows\system32\KERNELBASE.dll
0x0000000074460000 - 0x0000000074515000 	C:\Program Files\MATLAB\R2013a\bin\win64\libut.dll
0x00000000758a0000 - 0x000000007595f000 	C:\Program Files\MATLAB\R2013a\bin\win64\libmwi18n.dll
0x0000000180000000 - 0x000000018000d000 	C:\Program Files\MATLAB\R2013a\bin\win64\libmwresource_core.dll
0x000000005dc30000 - 0x000000005dcc8000 	C:\Program Files\MATLAB\R2013a\bin\win64\MSVCP100.dll
0x000000005db50000 - 0x000000005dc22000 	C:\Program Files\MATLAB\R2013a\bin\win64\MSVCR100.dll
0x000000005db40000 - 0x000000005db4e000 	C:\Program Files\MATLAB\R2013a\bin\win64\boost_date_time-vc100-mt-1_49.dll
0x000000005db10000 - 0x000000005db3c000 	C:\Program Files\MATLAB\R2013a\bin\win64\boost_filesystem-vc100-mt-1_49.dll
0x000000005db00000 - 0x000000005db09000 	C:\Program Files\MATLAB\R2013a\bin\win64\boost_system-vc100-mt-1_49.dll
0x000007fefee30000 - 0x000007fefef0b000 	C:\Windows\system32\ADVAPI32.dll
0x000007fefec70000 - 0x000007fefed0f000 	C:\Windows\system32\msvcrt.dll
0x000007fefe320000 - 0x000007fefe33f000 	C:\Windows\SYSTEM32\sechost.dll
0x000007fefdf10000 - 0x000007fefe03d000 	C:\Windows\system32\RPCRT4.dll
0x000000005dad0000 - 0x000000005daf5000 	C:\Program Files\MATLAB\R2013a\bin\win64\LIBEXPAT.dll
0x000000005d940000 - 0x000000005daca000 	C:\Program Files\MATLAB\R2013a\bin\win64\icuin49.dll
0x000000005d800000 - 0x000000005d93e000 	C:\Program Files\MATLAB\R2013a\bin\win64\icuuc49.dll
0x000000005c6d0000 - 0x000000005d7f2000 	C:\Program Files\MATLAB\R2013a\bin\win64\icudt49.dll
0x000000005c6c0000 - 0x000000005c6d0000 	C:\Program Files\MATLAB\R2013a\bin\win64\icuio49.dll
0x0000000073f70000 - 0x0000000074112000 	C:\Program Files\MATLAB\R2013a\bin\win64\libmwfl.dll
0x000000007a350000 - 0x000000007a737000 	C:\Program Files\MATLAB\R2013a\bin\win64\libmwMATLAB_res.dll
0x000000005c5e0000 - 0x000000005c6bf000 	C:\Program Files\MATLAB\R2013a\bin\win64\boost_regex-vc100-mt-1_49.dll
0x0000000076cc0000 - 0x0000000076dba000 	C:\Windows\system32\USER32.dll
0x000007fefeff0000 - 0x000007feff057000 	C:\Windows\system32\GDI32.dll
0x000007fefe600000 - 0x000007fefe60e000 	C:\Windows\system32\LPK.dll
0x000007fefeba0000 - 0x000007fefec69000 	C:\Windows\system32\USP10.dll
0x000000005c5c0000 - 0x000000005c5d1000 	C:\Program Files\MATLAB\R2013a\bin\win64\boost_signals-vc100-mt-1_49.dll
0x000000005c5a0000 - 0x000000005c5b1000 	C:\Program Files\MATLAB\R2013a\bin\win64\boost_thread-vc100-mt-1_49.dll
0x000007feec700000 - 0x000007feec78c000 	C:\Program Files\MATLAB\R2013a\bin\win64\boost_log-vc100-mt-1_49.dll
0x0000000076f80000 - 0x0000000076f87000 	C:\Windows\system32\PSAPI.DLL
0x000007fefe7c0000 - 0x000007fefe80d000 	C:\Windows\system32\WS2_32.dll
0x000007feff0c0000 - 0x000007feff0c8000 	C:\Windows\system32\NSI.dll
0x000007feec6c0000 - 0x000007feec6f3000 	C:\Program Files\MATLAB\R2013a\bin\win64\tbb.dll
0x000007fefea20000 - 0x000007fefea39000 	C:\Windows\system32\imagehlp.dll
0x000007fefbc30000 - 0x000007fefbc5c000 	C:\Windows\system32\POWRPROF.dll
0x000007fefcfa0000 - 0x000007fefd177000 	C:\Windows\system32\SETUPAPI.dll
0x000007fefcce0000 - 0x000007fefcd16000 	C:\Windows\system32\CFGMGR32.dll
0x000007fefef10000 - 0x000007fefefe7000 	C:\Windows\system32\OLEAUT32.dll
0x000007fefe810000 - 0x000007fefea13000 	C:\Windows\system32\ole32.dll
0x000007fefcd90000 - 0x000007fefcdaa000 	C:\Windows\system32\DEVOBJ.dll
0x0000000004100000 - 0x0000000004121000 	C:\Program Files\MATLAB\R2013a\bin\win64\libmwmfl_scalar.dll
0x000007fef54a0000 - 0x000007fef55c5000 	C:\Windows\system32\dbghelp.dll
0x0000000004260000 - 0x000000000458f000 	C:\Program Files\MATLAB\R2013a\bin\win64\libmwservices.dll
0x0000000075a20000 - 0x0000000075b0b000 	C:\Program Files\MATLAB\R2013a\bin\win64\libmx.dll
0x000007feec690000 - 0x000007feec6b8000 	C:\Program Files\MATLAB\R2013a\bin\win64\tbbmalloc.dll
0x000000005c580000 - 0x000000005c597000 	C:\Program Files\MATLAB\R2013a\bin\win64\zlib1.dll
0x0000000004590000 - 0x00000000045de000 	C:\Program Files\MATLAB\R2013a\bin\win64\libmwregexp.dll
0x0000000075f10000 - 0x0000000075f57000 	C:\Program Files\MATLAB\R2013a\bin\win64\mpath.dll
0x000000007b680000 - 0x000000007bc66000 	C:\Program Files\MATLAB\R2013a\bin\win64\mlutil.dll
0x00000000754d0000 - 0x0000000075547000 	C:\Program Files\MATLAB\R2013a\bin\win64\xmlcore.dll
0x000000005c330000 - 0x000000005c571000 	C:\Program Files\MATLAB\R2013a\bin\win64\xerces-c_2_7.dll
0x00000000045e0000 - 0x0000000004602000 	C:\Program Files\MATLAB\R2013a\bin\win64\libmwMATLAB_settings_res.dll
0x000007fefa160000 - 0x000007fefa170000 	C:\Program Files\MATLAB\R2013a\bin\win64\boost_iostreams-vc100-mt-1_49.dll
0x000007feec640000 - 0x000007feec686000 	C:\Program Files\MATLAB\R2013a\bin\win64\boost_serialization-vc100-mt-1_49.dll
0x000007fefd180000 - 0x000007fefdf08000 	C:\Windows\system32\SHELL32.dll
0x000007fefe580000 - 0x000007fefe5f1000 	C:\Windows\system32\SHLWAPI.dll
0x0000000004140000 - 0x0000000004146000 	C:\Program Files\MATLAB\R2013a\bin\win64\libmwnativedisplay.dll
0x000007fef6c90000 - 0x000007fef6d30000 	C:\Windows\WinSxS\amd64_microsoft.windows.common-controls_6595b64144ccf1df_5.82.7601.18201_none_a4d3b9377117c3df\COMCTL32.dll
0x000007fefed10000 - 0x000007fefeda7000 	C:\Windows\system32\COMDLG32.dll
0x000007fefa520000 - 0x000007fefa536000 	C:\Windows\system32\NETAPI32.dll
0x000007fefa510000 - 0x000007fefa51c000 	C:\Windows\system32\netutils.dll
0x000007fefc6a0000 - 0x000007fefc6c3000 	C:\Windows\system32\srvcli.dll
0x000007fefa4f0000 - 0x000007fefa505000 	C:\Windows\system32\wkscli.dll
0x0000000074970000 - 0x0000000074a18000 	C:\Program Files\MATLAB\R2013a\bin\win64\mcr.dll
0x0000000075000000 - 0x00000000753b1000 	C:\Program Files\MATLAB\R2013a\bin\win64\iqm.dll
0x0000000074e80000 - 0x0000000074f30000 	C:\Program Files\MATLAB\R2013a\bin\win64\m_dispatcher.dll
0x0000000004610000 - 0x0000000004e18000 	C:\Program Files\MATLAB\R2013a\bin\win64\m_interpreter.dll
0x0000000004e20000 - 0x0000000004e44000 	C:\Program Files\MATLAB\R2013a\bin\win64\libmex.dll
0x0000000075430000 - 0x00000000754ab000 	C:\Program Files\MATLAB\R2013a\bin\win64\profiler.dll
0x0000000004e50000 - 0x00000000050d3000 	C:\Program Files\MATLAB\R2013a\bin\win64\libmwmathutil.dll
0x0000000079f40000 - 0x0000000079f66000 	C:\Program Files\MATLAB\R2013a\bin\win64\libmwmathrng.dll
0x0000000004150000 - 0x0000000004160000 	C:\Program Files\MATLAB\R2013a\bin\win64\libmwmfl_rng.dll
0x0000000074c10000 - 0x0000000074cf8000 	C:\Program Files\MATLAB\R2013a\bin\win64\libmwmathcore.dll
0x0000000076160000 - 0x00000000761c3000 	C:\Program Files\MATLAB\R2013a\bin\win64\libmwspmatrix.dll
0x000000007b0a0000 - 0x000000007b2f6000 	C:\Program Files\MATLAB\R2013a\bin\win64\mcos.dll
0x0000000075ea0000 - 0x0000000075f02000 	C:\Program Files\MATLAB\R2013a\bin\win64\libmwcholmod.dll
0x00000000050f0000 - 0x00000000050fd000 	C:\Program Files\MATLAB\R2013a\bin\win64\libmwamd.dll
0x000000006c150000 - 0x000000006c1f3000 	C:\Windows\WinSxS\amd64_microsoft.vc90.crt_1fc8b3b9a1e18e3b_9.0.30729.6161_none_08e61857a83bc251\MSVCR90.dll
0x0000000005110000 - 0x000000000511c000 	C:\Program Files\MATLAB\R2013a\bin\win64\libmwcolamd.dll
0x000000007a290000 - 0x000000007a2a3000 	C:\Program Files\MATLAB\R2013a\bin\win64\libmwblas.dll
0x000000007a310000 - 0x000000007a325000 	C:\Program Files\MATLAB\R2013a\bin\win64\libmwbinder.dll
0x0000000005130000 - 0x000000000513b000 	C:\Program Files\MATLAB\R2013a\bin\win64\libmwompwrapper.dll
0x0000000075820000 - 0x000000007589e000 	C:\Program Files\MATLAB\R2013a\bin\win64\libmwlapack.dll
0x000000007a1b0000 - 0x000000007a1d0000 	C:\Program Files\MATLAB\R2013a\bin\win64\m_pcodeio.dll
0x0000000079b10000 - 0x0000000079b6c000 	C:\Program Files\MATLAB\R2013a\bin\win64\m_ir.dll
0x0000000078ed0000 - 0x0000000079579000 	C:\Program Files\MATLAB\R2013a\bin\win64\m_parser.dll
0x000000007a2f0000 - 0x000000007a307000 	C:\Program Files\MATLAB\R2013a\bin\win64\ir_xfmr.dll
0x0000000005140000 - 0x0000000005150000 	C:\Program Files\MATLAB\R2013a\bin\win64\mtok.dll
0x000000007a130000 - 0x000000007a158000 	C:\Program Files\MATLAB\R2013a\bin\win64\m_pcodegen.dll
0x0000000079fb0000 - 0x0000000079fdf000 	C:\Program Files\MATLAB\R2013a\bin\win64\libmwbridge.dll
0x0000000074f40000 - 0x0000000074ff6000 	C:\Program Files\MATLAB\R2013a\bin\win64\udd.dll
0x0000000073cc0000 - 0x0000000073e0e000 	C:\Program Files\MATLAB\R2013a\bin\win64\libmwgui.dll
0x000000007a1d0000 - 0x000000007a1f4000 	C:\Program Files\MATLAB\R2013a\bin\win64\graphics_util.dll
0x000007feec580000 - 0x000007feec638000 	C:\Program Files\MATLAB\R2013a\bin\win64\libtex_base.dll
0x0000000005150000 - 0x0000000005a93000 	C:\Program Files\MATLAB\R2013a\bin\win64\hg.dll
0x0000000076100000 - 0x000000007615a000 	C:\Program Files\MATLAB\R2013a\bin\win64\libmat.dll
0x0000000072d30000 - 0x0000000072f38000 	C:\Program Files\MATLAB\R2013a\bin\win64\hdf5dll.dll
0x0000000075710000 - 0x00000000757d8000 	C:\Program Files\MATLAB\R2013a\bin\win64\jmi.dll
0x0000000005ab0000 - 0x0000000005abe000 	C:\Program Files\MATLAB\R2013a\bin\win64\nativejava_services.dll
0x0000000005ac0000 - 0x0000000005b00000 	C:\Program Files\MATLAB\R2013a\bin\win64\libmwhardcopy.dll
0x0000000075c70000 - 0x0000000075cce000 	C:\Program Files\MATLAB\R2013a\bin\win64\libuij.dll
0x0000000072f50000 - 0x000000007318f000 	C:\Program Files\MATLAB\R2013a\bin\win64\hgdatatypes.dll
0x0000000005b00000 - 0x0000000005beb000 	C:\Program Files\MATLAB\R2013a\bin\win64\hgutils.dll
0x0000000005bf0000 - 0x0000000005c9e000 	C:\Program Files\MATLAB\R2013a\bin\win64\udd_mi.dll
0x0000000005ca0000 - 0x0000000005cd6000 	C:\Program Files\MATLAB\R2013a\bin\win64\libmwgbtutils.dll
0x0000000005ce0000 - 0x0000000005cf4000 	C:\Program Files\MATLAB\R2013a\bin\win64\libmwgbt.dll
0x0000000005d00000 - 0x0000000005fce000 	C:\Program Files\MATLAB\R2013a\bin\win64\uiw.dll
0x0000000005fd0000 - 0x0000000005fd9000 	C:\Program Files\MATLAB\R2013a\bin\win64\uinone.dll
0x0000000005fe0000 - 0x0000000006006000 	C:\Program Files\MATLAB\R2013a\bin\win64\libmwnativefiledialogs.dll
0x0000000006010000 - 0x000000000601c000 	C:\Program Files\MATLAB\R2013a\bin\win64\libmwplatform_res.dll
0x000007fef6c30000 - 0x000007fef6c48000 	C:\Windows\system32\MPR.dll
0x000000005bdd0000 - 0x000000005c32d000 	C:\Program Files\MATLAB\R2013a\bin\win64\mfc100.dll
0x000007fef76c0000 - 0x000007fef76c7000 	C:\Windows\system32\MSIMG32.dll
0x000007fef5d40000 - 0x000007fef5db1000 	C:\Windows\system32\WINSPOOL.DRV
0x0000000006020000 - 0x000000000603d000 	C:\Program Files\MATLAB\R2013a\bin\win64\mwoles05.DLL
0x0000000006040000 - 0x00000000060ac000 	C:\Program Files\MATLAB\R2013a\bin\win64\comcli.dll
0x000000005bda0000 - 0x000000005bdcb000 	C:\Program Files\MATLAB\R2013a\bin\win64\ATL100.DLL
0x00000000060b0000 - 0x00000000060bc000 	C:\Program Files\MATLAB\R2013a\bin\win64\mlautoregister.dll
0x00000000060c0000 - 0x0000000006216000 	C:\Program Files\MATLAB\R2013a\bin\win64\mvm.dll
0x000007fefe2f0000 - 0x000007fefe31e000 	C:\Windows\system32\IMM32.DLL
0x000007fefe6b0000 - 0x000007fefe7b9000 	C:\Windows\system32\MSCTF.dll
0x000007fefb130000 - 0x000007fefb186000 	C:\Windows\system32\UxTheme.dll
0x000007fefad50000 - 0x000007fefad68000 	C:\Windows\system32\dwmapi.dll
0x000000005bd90000 - 0x000000005bd9d000 	C:\Program Files\MATLAB\R2013a\bin\win64\MFC100ENU.DLL
0x0000000007ce0000 - 0x0000000007d2e000 	C:\Program Files\MATLAB\R2013a\bin\win64\MVMLocal.dll
0x000007fefcb70000 - 0x000007fefcb7f000 	C:\Windows\system32\profapi.dll

VM Arguments:
jvm_args: -XX:PermSize=32m -Xms64m -XX:NewRatio=3 -XX:MaxPermSize=128m -Xmx196m -XX:MaxDirectMemorySize=2147400000 -Dsun.java2d.noddraw=true -Dsun.awt.nopixfmt=true -Xshare:off -Xrs -Dsun.awt.disableMixing=true -Djava.library.path=C:\Program Files\MATLAB\R2013a\bin\win64;C:\Program Files\MATLAB\R2013a\sys\jxbrowser\win64\lib vfprintf abort 
java_command: <unknown>
Launcher Type: generic

Environment Variables:
PATH=C:\Program Files\Common Files\Microsoft Shared\Windows Live;C:\Program Files (x86)\Common Files\Microsoft Shared\Windows Live;C:\Windows\system32;C:\Windows;C:\Windows\System32\Wbem;C:\Windows\System32\WindowsPowerShell\v1.0\;c:\Program Files (x86)\ATI Technologies\ATI.ACE\Core-Static;c:\Program Files (x86)\Common Files\Roxio Shared\10.0\DLLShared\;c:\Program Files (x86)\Common Files\Roxio Shared\DLLShared\;C:\Program Files (x86)\Windows Live\Shared;C:\Program Files\MATLAB\R2013a\runtime\win64;C:\Program Files\MATLAB\R2013a\bin
USERNAME=BME
OS=Windows_NT
PROCESSOR_IDENTIFIER=Intel64 Family 6 Model 30 Stepping 5, GenuineIntel



---------------  S Y S T E M  ---------------

OS: Windows 7 Build 7601 Service Pack 1

CPU:total 4 (8 cores per cpu, 2 threads per core) family 6 model 30 stepping 5, cmov, cx8, fxsr, mmx, sse, sse2, sse3, ssse3, sse4.1, sse4.2, ht

Memory: 4k page, physical 8346704k(4558592k free), swap 16691544k(12444264k free)

vm_info: Java HotSpot(TM) 64-Bit Server VM (14.3-b01) for windows-amd64 JRE (1.6.0_17-b04), built on Oct 11 2009 00:46:08 by "java_re" with MS VC++ 8.0

time: Fri Mar 21 14:21:01 2014
elapsed time: 17885 seconds

